{"/Users/ishit_singh/Desktop/finalEval/backend/database/models/contenttypeentries.js": {"path":"/Users/ishit_singh/Desktop/finalEval/backend/database/models/contenttypeentries.js","statementMap":{"0":{"start":{"line":4,"column":4},"end":{"line":4,"column":24}},"1":{"start":{"line":5,"column":0},"end":{"line":24,"column":2}},"2":{"start":{"line":16,"column":2},"end":{"line":22,"column":5}},"3":{"start":{"line":23,"column":2},"end":{"line":23,"column":28}}},"fnMap":{"0":{"name":"(anonymous_0)","decl":{"start":{"line":5,"column":17},"end":{"line":5,"column":18}},"loc":{"start":{"line":5,"column":43},"end":{"line":24,"column":1}},"line":5},"1":{"name":"(anonymous_1)","decl":{"start":{"line":12,"column":4},"end":{"line":12,"column":5}},"loc":{"start":{"line":12,"column":29},"end":{"line":14,"column":5}},"line":12}},"branchMap":{},"s":{"0":2,"1":2,"2":2,"3":2},"f":{"0":2,"1":2},"b":{},"_coverageSchema":"1a1c01bbd47fc00a2c39e90264f33305004495a9","hash":"9f15df5ea43ccc4d35fe0643a06662ba6508222d"}
,"/Users/ishit_singh/Desktop/finalEval/backend/database/models/contenttypes.js": {"path":"/Users/ishit_singh/Desktop/finalEval/backend/database/models/contenttypes.js","statementMap":{"0":{"start":{"line":4,"column":4},"end":{"line":4,"column":24}},"1":{"start":{"line":5,"column":0},"end":{"line":24,"column":2}},"2":{"start":{"line":16,"column":2},"end":{"line":22,"column":5}},"3":{"start":{"line":23,"column":2},"end":{"line":23,"column":22}}},"fnMap":{"0":{"name":"(anonymous_0)","decl":{"start":{"line":5,"column":17},"end":{"line":5,"column":18}},"loc":{"start":{"line":5,"column":43},"end":{"line":24,"column":1}},"line":5},"1":{"name":"(anonymous_1)","decl":{"start":{"line":12,"column":4},"end":{"line":12,"column":5}},"loc":{"start":{"line":12,"column":29},"end":{"line":14,"column":5}},"line":12}},"branchMap":{},"s":{"0":2,"1":2,"2":2,"3":2},"f":{"0":2,"1":2},"b":{},"_coverageSchema":"1a1c01bbd47fc00a2c39e90264f33305004495a9","hash":"0404c8de56c02aa06212d4f2fbe903d52a72b238"}
,"/Users/ishit_singh/Desktop/finalEval/backend/database/models/index.js": {"path":"/Users/ishit_singh/Desktop/finalEval/backend/database/models/index.js","statementMap":{"0":{"start":{"line":3,"column":11},"end":{"line":3,"column":24}},"1":{"start":{"line":4,"column":13},"end":{"line":4,"column":28}},"2":{"start":{"line":5,"column":18},"end":{"line":5,"column":38}},"3":{"start":{"line":6,"column":16},"end":{"line":6,"column":34}},"4":{"start":{"line":7,"column":17},"end":{"line":7,"column":42}},"5":{"start":{"line":8,"column":12},"end":{"line":8,"column":49}},"6":{"start":{"line":9,"column":15},"end":{"line":9,"column":65}},"7":{"start":{"line":10,"column":11},"end":{"line":10,"column":13}},"8":{"start":{"line":13,"column":0},"end":{"line":17,"column":1}},"9":{"start":{"line":14,"column":2},"end":{"line":14,"column":74}},"10":{"start":{"line":16,"column":2},"end":{"line":16,"column":87}},"11":{"start":{"line":19,"column":0},"end":{"line":32,"column":5}},"12":{"start":{"line":22,"column":4},"end":{"line":27,"column":6}},"13":{"start":{"line":30,"column":18},"end":{"line":30,"column":85}},"14":{"start":{"line":31,"column":4},"end":{"line":31,"column":27}},"15":{"start":{"line":34,"column":0},"end":{"line":38,"column":3}},"16":{"start":{"line":35,"column":2},"end":{"line":37,"column":3}},"17":{"start":{"line":36,"column":4},"end":{"line":36,"column":32}},"18":{"start":{"line":40,"column":0},"end":{"line":40,"column":25}},"19":{"start":{"line":41,"column":0},"end":{"line":41,"column":25}},"20":{"start":{"line":43,"column":0},"end":{"line":43,"column":20}}},"fnMap":{"0":{"name":"(anonymous_0)","decl":{"start":{"line":21,"column":10},"end":{"line":21,"column":11}},"loc":{"start":{"line":21,"column":18},"end":{"line":28,"column":3}},"line":21},"1":{"name":"(anonymous_1)","decl":{"start":{"line":29,"column":11},"end":{"line":29,"column":12}},"loc":{"start":{"line":29,"column":19},"end":{"line":32,"column":3}},"line":29},"2":{"name":"(anonymous_2)","decl":{"start":{"line":34,"column":24},"end":{"line":34,"column":25}},"loc":{"start":{"line":34,"column":37},"end":{"line":38,"column":1}},"line":34}},"branchMap":{"0":{"loc":{"start":{"line":8,"column":12},"end":{"line":8,"column":49}},"type":"binary-expr","locations":[{"start":{"line":8,"column":12},"end":{"line":8,"column":32}},{"start":{"line":8,"column":36},"end":{"line":8,"column":49}}],"line":8},"1":{"loc":{"start":{"line":13,"column":0},"end":{"line":17,"column":1}},"type":"if","locations":[{"start":{"line":13,"column":0},"end":{"line":17,"column":1}},{"start":{"line":15,"column":7},"end":{"line":17,"column":1}}],"line":13},"2":{"loc":{"start":{"line":23,"column":6},"end":{"line":26,"column":37}},"type":"binary-expr","locations":[{"start":{"line":23,"column":6},"end":{"line":23,"column":29}},{"start":{"line":24,"column":6},"end":{"line":24,"column":23}},{"start":{"line":25,"column":6},"end":{"line":25,"column":30}},{"start":{"line":26,"column":6},"end":{"line":26,"column":37}}],"line":23},"3":{"loc":{"start":{"line":35,"column":2},"end":{"line":37,"column":3}},"type":"if","locations":[{"start":{"line":35,"column":2},"end":{"line":37,"column":3}},{"start":{},"end":{}}],"line":35}},"s":{"0":2,"1":2,"2":2,"3":2,"4":2,"5":2,"6":2,"7":2,"8":2,"9":0,"10":2,"11":2,"12":6,"13":4,"14":4,"15":2,"16":4,"17":4,"18":2,"19":2,"20":2},"f":{"0":6,"1":4,"2":4},"b":{"0":[2,0],"1":[0,2],"2":[6,6,4,4],"3":[4,0]},"_coverageSchema":"1a1c01bbd47fc00a2c39e90264f33305004495a9","hash":"289c16555ead7cff7ee07b0e702f50a75ae65feb"}
,"/Users/ishit_singh/Desktop/finalEval/backend/src/controllers/contentTypesController.js": {"path":"/Users/ishit_singh/Desktop/finalEval/backend/src/controllers/contentTypesController.js","statementMap":{"0":{"start":{"line":1,"column":180},"end":{"line":1,"column":223}},"1":{"start":{"line":3,"column":27},"end":{"line":7,"column":1}},"2":{"start":{"line":4,"column":18},"end":{"line":4,"column":36}},"3":{"start":{"line":5,"column":26},"end":{"line":5,"column":59}},"4":{"start":{"line":6,"column":2},"end":{"line":6,"column":36}},"5":{"start":{"line":9,"column":31},"end":{"line":12,"column":1}},"6":{"start":{"line":10,"column":23},"end":{"line":10,"column":53}},"7":{"start":{"line":11,"column":2},"end":{"line":11,"column":25}},"8":{"start":{"line":13,"column":33},"end":{"line":17,"column":1}},"9":{"start":{"line":14,"column":26},"end":{"line":14,"column":50}},"10":{"start":{"line":15,"column":22},"end":{"line":15,"column":69}},"11":{"start":{"line":16,"column":2},"end":{"line":16,"column":24}},"12":{"start":{"line":18,"column":41},"end":{"line":23,"column":1}},"13":{"start":{"line":19,"column":20},"end":{"line":19,"column":38}},"14":{"start":{"line":20,"column":26},"end":{"line":20,"column":50}},"15":{"start":{"line":21,"column":40},"end":{"line":21,"column":106}},"16":{"start":{"line":22,"column":2},"end":{"line":22,"column":42}},"17":{"start":{"line":24,"column":27},"end":{"line":29,"column":1}},"18":{"start":{"line":25,"column":24},"end":{"line":25,"column":46}},"19":{"start":{"line":26,"column":17},"end":{"line":26,"column":32}},"20":{"start":{"line":27,"column":26},"end":{"line":27,"column":73}},"21":{"start":{"line":28,"column":2},"end":{"line":28,"column":28}},"22":{"start":{"line":31,"column":28},"end":{"line":35,"column":1}},"23":{"start":{"line":32,"column":24},"end":{"line":32,"column":48}},"24":{"start":{"line":33,"column":27},"end":{"line":33,"column":67}},"25":{"start":{"line":34,"column":2},"end":{"line":34,"column":29}},"26":{"start":{"line":37,"column":31},"end":{"line":44,"column":1}},"27":{"start":{"line":39,"column":24},"end":{"line":39,"column":48}},"28":{"start":{"line":40,"column":24},"end":{"line":40,"column":48}},"29":{"start":{"line":41,"column":2},"end":{"line":41,"column":44}},"30":{"start":{"line":42,"column":30},"end":{"line":42,"column":88}},"31":{"start":{"line":43,"column":2},"end":{"line":43,"column":32}},"32":{"start":{"line":47,"column":0},"end":{"line":55,"column":2}}},"fnMap":{"0":{"name":"(anonymous_0)","decl":{"start":{"line":3,"column":27},"end":{"line":3,"column":28}},"loc":{"start":{"line":3,"column":47},"end":{"line":7,"column":1}},"line":3},"1":{"name":"(anonymous_1)","decl":{"start":{"line":9,"column":31},"end":{"line":9,"column":32}},"loc":{"start":{"line":9,"column":51},"end":{"line":12,"column":1}},"line":9},"2":{"name":"(anonymous_2)","decl":{"start":{"line":13,"column":33},"end":{"line":13,"column":34}},"loc":{"start":{"line":13,"column":53},"end":{"line":17,"column":1}},"line":13},"3":{"name":"(anonymous_3)","decl":{"start":{"line":18,"column":41},"end":{"line":18,"column":42}},"loc":{"start":{"line":18,"column":61},"end":{"line":23,"column":1}},"line":18},"4":{"name":"(anonymous_4)","decl":{"start":{"line":24,"column":27},"end":{"line":24,"column":28}},"loc":{"start":{"line":24,"column":47},"end":{"line":29,"column":1}},"line":24},"5":{"name":"(anonymous_5)","decl":{"start":{"line":31,"column":28},"end":{"line":31,"column":29}},"loc":{"start":{"line":31,"column":48},"end":{"line":35,"column":1}},"line":31},"6":{"name":"(anonymous_6)","decl":{"start":{"line":37,"column":31},"end":{"line":37,"column":32}},"loc":{"start":{"line":37,"column":51},"end":{"line":44,"column":1}},"line":37}},"branchMap":{},"s":{"0":1,"1":1,"2":2,"3":2,"4":2,"5":1,"6":1,"7":1,"8":1,"9":1,"10":1,"11":1,"12":1,"13":1,"14":1,"15":1,"16":1,"17":1,"18":1,"19":1,"20":1,"21":1,"22":1,"23":1,"24":1,"25":1,"26":1,"27":1,"28":1,"29":1,"30":1,"31":1,"32":1},"f":{"0":2,"1":1,"2":1,"3":1,"4":1,"5":1,"6":1},"b":{},"_coverageSchema":"1a1c01bbd47fc00a2c39e90264f33305004495a9","hash":"af4954dd4886b60887d53dd67185c9c1090df299"}
,"/Users/ishit_singh/Desktop/finalEval/backend/src/errors/HttpError.js": {"path":"/Users/ishit_singh/Desktop/finalEval/backend/src/errors/HttpError.js","statementMap":{"0":{"start":{"line":3,"column":4},"end":{"line":3,"column":19}},"1":{"start":{"line":4,"column":4},"end":{"line":4,"column":33}},"2":{"start":{"line":5,"column":4},"end":{"line":5,"column":27}},"3":{"start":{"line":8,"column":0},"end":{"line":10,"column":2}}},"fnMap":{"0":{"name":"(anonymous_0)","decl":{"start":{"line":2,"column":2},"end":{"line":2,"column":3}},"loc":{"start":{"line":2,"column":35},"end":{"line":6,"column":3}},"line":2}},"branchMap":{},"s":{"0":0,"1":0,"2":0,"3":1},"f":{"0":0},"b":{},"_coverageSchema":"1a1c01bbd47fc00a2c39e90264f33305004495a9","hash":"1c2a630e9619d3f850964d55ff06877b748d0f5a"}
,"/Users/ishit_singh/Desktop/finalEval/backend/src/middlewares/validator.js": {"path":"/Users/ishit_singh/Desktop/finalEval/backend/src/middlewares/validator.js","statementMap":{"0":{"start":{"line":1,"column":12},"end":{"line":1,"column":26}},"1":{"start":{"line":2,"column":22},"end":{"line":2,"column":52}},"2":{"start":{"line":3,"column":14},"end":{"line":3,"column":30}},"3":{"start":{"line":5,"column":23},"end":{"line":14,"column":1}},"4":{"start":{"line":6,"column":16},"end":{"line":6,"column":33}},"5":{"start":{"line":7,"column":30},"end":{"line":7,"column":104}},"6":{"start":{"line":8,"column":2},"end":{"line":13,"column":3}},"7":{"start":{"line":9,"column":4},"end":{"line":9,"column":11}},"8":{"start":{"line":12,"column":4},"end":{"line":12,"column":54}},"9":{"start":{"line":16,"column":26},"end":{"line":20,"column":1}},"10":{"start":{"line":22,"column":25},"end":{"line":26,"column":1}},"11":{"start":{"line":29,"column":27},"end":{"line":34,"column":1}},"12":{"start":{"line":36,"column":20},"end":{"line":41,"column":1}},"13":{"start":{"line":43,"column":26},"end":{"line":47,"column":1}},"14":{"start":{"line":49,"column":30},"end":{"line":54,"column":1}},"15":{"start":{"line":56,"column":35},"end":{"line":69,"column":1}},"16":{"start":{"line":57,"column":2},"end":{"line":68,"column":3}},"17":{"start":{"line":58,"column":22},"end":{"line":58,"column":58}},"18":{"start":{"line":59,"column":4},"end":{"line":61,"column":5}},"19":{"start":{"line":60,"column":6},"end":{"line":60,"column":46}},"20":{"start":{"line":62,"column":4},"end":{"line":62,"column":11}},"21":{"start":{"line":65,"column":4},"end":{"line":67,"column":5}},"22":{"start":{"line":66,"column":6},"end":{"line":66,"column":68}},"23":{"start":{"line":71,"column":30},"end":{"line":84,"column":1}},"24":{"start":{"line":72,"column":2},"end":{"line":83,"column":3}},"25":{"start":{"line":73,"column":22},"end":{"line":73,"column":59}},"26":{"start":{"line":74,"column":4},"end":{"line":76,"column":5}},"27":{"start":{"line":75,"column":6},"end":{"line":75,"column":46}},"28":{"start":{"line":77,"column":4},"end":{"line":77,"column":11}},"29":{"start":{"line":80,"column":4},"end":{"line":82,"column":5}},"30":{"start":{"line":81,"column":6},"end":{"line":81,"column":68}},"31":{"start":{"line":86,"column":26},"end":{"line":99,"column":1}},"32":{"start":{"line":87,"column":2},"end":{"line":98,"column":3}},"33":{"start":{"line":88,"column":22},"end":{"line":88,"column":52}},"34":{"start":{"line":89,"column":4},"end":{"line":91,"column":5}},"35":{"start":{"line":90,"column":6},"end":{"line":90,"column":46}},"36":{"start":{"line":92,"column":4},"end":{"line":92,"column":11}},"37":{"start":{"line":95,"column":4},"end":{"line":97,"column":5}},"38":{"start":{"line":96,"column":6},"end":{"line":96,"column":68}},"39":{"start":{"line":102,"column":29},"end":{"line":115,"column":1}},"40":{"start":{"line":103,"column":2},"end":{"line":114,"column":3}},"41":{"start":{"line":104,"column":22},"end":{"line":104,"column":60}},"42":{"start":{"line":105,"column":4},"end":{"line":107,"column":5}},"43":{"start":{"line":106,"column":6},"end":{"line":106,"column":46}},"44":{"start":{"line":108,"column":4},"end":{"line":108,"column":11}},"45":{"start":{"line":111,"column":4},"end":{"line":113,"column":5}},"46":{"start":{"line":112,"column":6},"end":{"line":112,"column":68}},"47":{"start":{"line":117,"column":33},"end":{"line":130,"column":1}},"48":{"start":{"line":118,"column":2},"end":{"line":129,"column":3}},"49":{"start":{"line":119,"column":22},"end":{"line":119,"column":64}},"50":{"start":{"line":120,"column":4},"end":{"line":122,"column":5}},"51":{"start":{"line":121,"column":6},"end":{"line":121,"column":46}},"52":{"start":{"line":123,"column":4},"end":{"line":123,"column":11}},"53":{"start":{"line":126,"column":4},"end":{"line":128,"column":5}},"54":{"start":{"line":127,"column":6},"end":{"line":127,"column":68}},"55":{"start":{"line":132,"column":28},"end":{"line":145,"column":1}},"56":{"start":{"line":133,"column":2},"end":{"line":144,"column":3}},"57":{"start":{"line":134,"column":22},"end":{"line":134,"column":59}},"58":{"start":{"line":135,"column":4},"end":{"line":137,"column":5}},"59":{"start":{"line":136,"column":6},"end":{"line":136,"column":46}},"60":{"start":{"line":138,"column":4},"end":{"line":138,"column":11}},"61":{"start":{"line":141,"column":4},"end":{"line":143,"column":5}},"62":{"start":{"line":142,"column":6},"end":{"line":142,"column":68}},"63":{"start":{"line":148,"column":0},"end":{"line":156,"column":2}}},"fnMap":{"0":{"name":"(anonymous_0)","decl":{"start":{"line":5,"column":23},"end":{"line":5,"column":24}},"loc":{"start":{"line":5,"column":49},"end":{"line":14,"column":1}},"line":5},"1":{"name":"(anonymous_1)","decl":{"start":{"line":56,"column":35},"end":{"line":56,"column":36}},"loc":{"start":{"line":56,"column":55},"end":{"line":69,"column":1}},"line":56},"2":{"name":"(anonymous_2)","decl":{"start":{"line":71,"column":30},"end":{"line":71,"column":31}},"loc":{"start":{"line":71,"column":50},"end":{"line":84,"column":1}},"line":71},"3":{"name":"(anonymous_3)","decl":{"start":{"line":86,"column":26},"end":{"line":86,"column":27}},"loc":{"start":{"line":86,"column":46},"end":{"line":99,"column":1}},"line":86},"4":{"name":"(anonymous_4)","decl":{"start":{"line":102,"column":29},"end":{"line":102,"column":30}},"loc":{"start":{"line":102,"column":49},"end":{"line":115,"column":1}},"line":102},"5":{"name":"(anonymous_5)","decl":{"start":{"line":117,"column":33},"end":{"line":117,"column":34}},"loc":{"start":{"line":117,"column":53},"end":{"line":130,"column":1}},"line":117},"6":{"name":"(anonymous_6)","decl":{"start":{"line":132,"column":28},"end":{"line":132,"column":29}},"loc":{"start":{"line":132,"column":48},"end":{"line":145,"column":1}},"line":132}},"branchMap":{"0":{"loc":{"start":{"line":8,"column":2},"end":{"line":13,"column":3}},"type":"if","locations":[{"start":{"line":8,"column":2},"end":{"line":13,"column":3}},{"start":{"line":11,"column":7},"end":{"line":13,"column":3}}],"line":8},"1":{"loc":{"start":{"line":59,"column":4},"end":{"line":61,"column":5}},"type":"if","locations":[{"start":{"line":59,"column":4},"end":{"line":61,"column":5}},{"start":{},"end":{}}],"line":59},"2":{"loc":{"start":{"line":65,"column":4},"end":{"line":67,"column":5}},"type":"if","locations":[{"start":{"line":65,"column":4},"end":{"line":67,"column":5}},{"start":{},"end":{}}],"line":65},"3":{"loc":{"start":{"line":74,"column":4},"end":{"line":76,"column":5}},"type":"if","locations":[{"start":{"line":74,"column":4},"end":{"line":76,"column":5}},{"start":{},"end":{}}],"line":74},"4":{"loc":{"start":{"line":80,"column":4},"end":{"line":82,"column":5}},"type":"if","locations":[{"start":{"line":80,"column":4},"end":{"line":82,"column":5}},{"start":{},"end":{}}],"line":80},"5":{"loc":{"start":{"line":89,"column":4},"end":{"line":91,"column":5}},"type":"if","locations":[{"start":{"line":89,"column":4},"end":{"line":91,"column":5}},{"start":{},"end":{}}],"line":89},"6":{"loc":{"start":{"line":95,"column":4},"end":{"line":97,"column":5}},"type":"if","locations":[{"start":{"line":95,"column":4},"end":{"line":97,"column":5}},{"start":{},"end":{}}],"line":95},"7":{"loc":{"start":{"line":105,"column":4},"end":{"line":107,"column":5}},"type":"if","locations":[{"start":{"line":105,"column":4},"end":{"line":107,"column":5}},{"start":{},"end":{}}],"line":105},"8":{"loc":{"start":{"line":111,"column":4},"end":{"line":113,"column":5}},"type":"if","locations":[{"start":{"line":111,"column":4},"end":{"line":113,"column":5}},{"start":{},"end":{}}],"line":111},"9":{"loc":{"start":{"line":120,"column":4},"end":{"line":122,"column":5}},"type":"if","locations":[{"start":{"line":120,"column":4},"end":{"line":122,"column":5}},{"start":{},"end":{}}],"line":120},"10":{"loc":{"start":{"line":126,"column":4},"end":{"line":128,"column":5}},"type":"if","locations":[{"start":{"line":126,"column":4},"end":{"line":128,"column":5}},{"start":{},"end":{}}],"line":126},"11":{"loc":{"start":{"line":135,"column":4},"end":{"line":137,"column":5}},"type":"if","locations":[{"start":{"line":135,"column":4},"end":{"line":137,"column":5}},{"start":{},"end":{}}],"line":135},"12":{"loc":{"start":{"line":141,"column":4},"end":{"line":143,"column":5}},"type":"if","locations":[{"start":{"line":141,"column":4},"end":{"line":143,"column":5}},{"start":{},"end":{}}],"line":141}},"s":{"0":1,"1":1,"2":1,"3":1,"4":3,"5":3,"6":3,"7":2,"8":1,"9":1,"10":1,"11":1,"12":1,"13":1,"14":1,"15":1,"16":0,"17":0,"18":0,"19":0,"20":0,"21":0,"22":0,"23":1,"24":0,"25":0,"26":0,"27":0,"28":0,"29":0,"30":0,"31":1,"32":0,"33":0,"34":0,"35":0,"36":0,"37":0,"38":0,"39":1,"40":0,"41":0,"42":0,"43":0,"44":0,"45":0,"46":0,"47":1,"48":0,"49":0,"50":0,"51":0,"52":0,"53":0,"54":0,"55":1,"56":0,"57":0,"58":0,"59":0,"60":0,"61":0,"62":0,"63":1},"f":{"0":3,"1":0,"2":0,"3":0,"4":0,"5":0,"6":0},"b":{"0":[2,1],"1":[0,0],"2":[0,0],"3":[0,0],"4":[0,0],"5":[0,0],"6":[0,0],"7":[0,0],"8":[0,0],"9":[0,0],"10":[0,0],"11":[0,0],"12":[0,0]},"_coverageSchema":"1a1c01bbd47fc00a2c39e90264f33305004495a9","hash":"62a486b6e793da5e9bac0530977ed0dad98daa8d"}
,"/Users/ishit_singh/Desktop/finalEval/backend/src/services/contentTypesServices.js": {"path":"/Users/ishit_singh/Desktop/finalEval/backend/src/services/contentTypesServices.js","statementMap":{"0":{"start":{"line":1,"column":11},"end":{"line":1,"column":43}},"1":{"start":{"line":3,"column":41},"end":{"line":44,"column":1}},"2":{"start":{"line":4,"column":22},"end":{"line":8,"column":4}},"3":{"start":{"line":9,"column":2},"end":{"line":43,"column":3}},"4":{"start":{"line":10,"column":4},"end":{"line":10,"column":46}},"5":{"start":{"line":13,"column":23},"end":{"line":13,"column":45}},"6":{"start":{"line":14,"column":4},"end":{"line":14,"column":35}},"7":{"start":{"line":15,"column":31},"end":{"line":19,"column":6}},"8":{"start":{"line":20,"column":26},"end":{"line":20,"column":51}},"9":{"start":{"line":22,"column":4},"end":{"line":22,"column":50}},"10":{"start":{"line":24,"column":28},"end":{"line":28,"column":6}},"11":{"start":{"line":30,"column":4},"end":{"line":39,"column":5}},"12":{"start":{"line":30,"column":17},"end":{"line":30,"column":18}},"13":{"start":{"line":31,"column":20},"end":{"line":31,"column":38}},"14":{"start":{"line":32,"column":21},"end":{"line":32,"column":56}},"15":{"start":{"line":33,"column":6},"end":{"line":33,"column":35}},"16":{"start":{"line":34,"column":6},"end":{"line":38,"column":9}},"17":{"start":{"line":41,"column":4},"end":{"line":41,"column":54}},"18":{"start":{"line":42,"column":4},"end":{"line":42,"column":30}},"19":{"start":{"line":46,"column":31},"end":{"line":86,"column":1}},"20":{"start":{"line":47,"column":2},"end":{"line":47,"column":44}},"21":{"start":{"line":49,"column":22},"end":{"line":53,"column":4}},"22":{"start":{"line":55,"column":2},"end":{"line":85,"column":3}},"23":{"start":{"line":56,"column":4},"end":{"line":56,"column":46}},"24":{"start":{"line":59,"column":23},"end":{"line":59,"column":45}},"25":{"start":{"line":60,"column":18},"end":{"line":60,"column":51}},"26":{"start":{"line":61,"column":4},"end":{"line":63,"column":5}},"27":{"start":{"line":62,"column":6},"end":{"line":62,"column":34}},"28":{"start":{"line":64,"column":31},"end":{"line":68,"column":6}},"29":{"start":{"line":69,"column":28},"end":{"line":73,"column":6}},"30":{"start":{"line":74,"column":4},"end":{"line":83,"column":5}},"31":{"start":{"line":74,"column":17},"end":{"line":74,"column":18}},"32":{"start":{"line":75,"column":20},"end":{"line":75,"column":38}},"33":{"start":{"line":76,"column":21},"end":{"line":76,"column":56}},"34":{"start":{"line":77,"column":6},"end":{"line":77,"column":35}},"35":{"start":{"line":78,"column":6},"end":{"line":82,"column":9}},"36":{"start":{"line":84,"column":4},"end":{"line":84,"column":30}},"37":{"start":{"line":88,"column":31},"end":{"line":91,"column":1}},"38":{"start":{"line":89,"column":23},"end":{"line":89,"column":54}},"39":{"start":{"line":90,"column":2},"end":{"line":90,"column":22}},"40":{"start":{"line":93,"column":33},"end":{"line":112,"column":1}},"41":{"start":{"line":94,"column":28},"end":{"line":98,"column":4}},"42":{"start":{"line":99,"column":2},"end":{"line":110,"column":3}},"43":{"start":{"line":100,"column":4},"end":{"line":106,"column":5}},"44":{"start":{"line":101,"column":26},"end":{"line":101,"column":97}},"45":{"start":{"line":102,"column":6},"end":{"line":102,"column":25}},"46":{"start":{"line":105,"column":6},"end":{"line":105,"column":53}},"47":{"start":{"line":109,"column":4},"end":{"line":109,"column":23}},"48":{"start":{"line":116,"column":27},"end":{"line":134,"column":1}},"49":{"start":{"line":117,"column":22},"end":{"line":121,"column":4}},"50":{"start":{"line":122,"column":2},"end":{"line":133,"column":3}},"51":{"start":{"line":123,"column":4},"end":{"line":129,"column":5}},"52":{"start":{"line":124,"column":6},"end":{"line":124,"column":48}},"53":{"start":{"line":127,"column":20},"end":{"line":127,"column":120}},"54":{"start":{"line":128,"column":6},"end":{"line":128,"column":19}},"55":{"start":{"line":132,"column":4},"end":{"line":132,"column":23}},"56":{"start":{"line":136,"column":28},"end":{"line":158,"column":1}},"57":{"start":{"line":137,"column":22},"end":{"line":141,"column":4}},"58":{"start":{"line":142,"column":2},"end":{"line":157,"column":3}},"59":{"start":{"line":143,"column":4},"end":{"line":153,"column":5}},"60":{"start":{"line":144,"column":6},"end":{"line":144,"column":48}},"61":{"start":{"line":147,"column":22},"end":{"line":151,"column":8}},"62":{"start":{"line":152,"column":6},"end":{"line":152,"column":21}},"63":{"start":{"line":156,"column":4},"end":{"line":156,"column":23}},"64":{"start":{"line":162,"column":27},"end":{"line":176,"column":1}},"65":{"start":{"line":163,"column":2},"end":{"line":174,"column":3}},"66":{"start":{"line":164,"column":25},"end":{"line":168,"column":6}},"67":{"start":{"line":169,"column":4},"end":{"line":169,"column":24}},"68":{"start":{"line":172,"column":4},"end":{"line":172,"column":30}},"69":{"start":{"line":173,"column":4},"end":{"line":173,"column":23}},"70":{"start":{"line":177,"column":0},"end":{"line":185,"column":2}}},"fnMap":{"0":{"name":"(anonymous_0)","decl":{"start":{"line":3,"column":41},"end":{"line":3,"column":42}},"loc":{"start":{"line":3,"column":83},"end":{"line":44,"column":1}},"line":3},"1":{"name":"(anonymous_1)","decl":{"start":{"line":46,"column":31},"end":{"line":46,"column":32}},"loc":{"start":{"line":46,"column":71},"end":{"line":86,"column":1}},"line":46},"2":{"name":"(anonymous_2)","decl":{"start":{"line":88,"column":31},"end":{"line":88,"column":32}},"loc":{"start":{"line":88,"column":43},"end":{"line":91,"column":1}},"line":88},"3":{"name":"(anonymous_3)","decl":{"start":{"line":93,"column":33},"end":{"line":93,"column":34}},"loc":{"start":{"line":93,"column":60},"end":{"line":112,"column":1}},"line":93},"4":{"name":"(anonymous_4)","decl":{"start":{"line":116,"column":27},"end":{"line":116,"column":28}},"loc":{"start":{"line":116,"column":60},"end":{"line":134,"column":1}},"line":116},"5":{"name":"(anonymous_5)","decl":{"start":{"line":136,"column":28},"end":{"line":136,"column":29}},"loc":{"start":{"line":136,"column":53},"end":{"line":158,"column":1}},"line":136},"6":{"name":"(anonymous_6)","decl":{"start":{"line":162,"column":27},"end":{"line":162,"column":28}},"loc":{"start":{"line":162,"column":46},"end":{"line":176,"column":1}},"line":162}},"branchMap":{"0":{"loc":{"start":{"line":9,"column":2},"end":{"line":43,"column":3}},"type":"if","locations":[{"start":{"line":9,"column":2},"end":{"line":43,"column":3}},{"start":{"line":12,"column":7},"end":{"line":43,"column":3}}],"line":9},"1":{"loc":{"start":{"line":55,"column":2},"end":{"line":85,"column":3}},"type":"if","locations":[{"start":{"line":55,"column":2},"end":{"line":85,"column":3}},{"start":{"line":58,"column":7},"end":{"line":85,"column":3}}],"line":55},"2":{"loc":{"start":{"line":61,"column":4},"end":{"line":63,"column":5}},"type":"if","locations":[{"start":{"line":61,"column":4},"end":{"line":63,"column":5}},{"start":{},"end":{}}],"line":61},"3":{"loc":{"start":{"line":100,"column":4},"end":{"line":106,"column":5}},"type":"if","locations":[{"start":{"line":100,"column":4},"end":{"line":106,"column":5}},{"start":{"line":104,"column":9},"end":{"line":106,"column":5}}],"line":100},"4":{"loc":{"start":{"line":123,"column":4},"end":{"line":129,"column":5}},"type":"if","locations":[{"start":{"line":123,"column":4},"end":{"line":129,"column":5}},{"start":{"line":126,"column":9},"end":{"line":129,"column":5}}],"line":123},"5":{"loc":{"start":{"line":143,"column":4},"end":{"line":153,"column":5}},"type":"if","locations":[{"start":{"line":143,"column":4},"end":{"line":153,"column":5}},{"start":{"line":146,"column":9},"end":{"line":153,"column":5}}],"line":143}},"s":{"0":2,"1":2,"2":0,"3":0,"4":0,"5":0,"6":0,"7":0,"8":0,"9":0,"10":0,"11":0,"12":0,"13":0,"14":0,"15":0,"16":0,"17":0,"18":0,"19":2,"20":1,"21":1,"22":1,"23":1,"24":0,"25":0,"26":0,"27":0,"28":0,"29":0,"30":0,"31":0,"32":0,"33":0,"34":0,"35":0,"36":0,"37":2,"38":1,"39":1,"40":2,"41":2,"42":2,"43":2,"44":1,"45":1,"46":1,"47":1,"48":2,"49":2,"50":2,"51":2,"52":1,"53":1,"54":1,"55":1,"56":2,"57":1,"58":1,"59":1,"60":1,"61":0,"62":0,"63":1,"64":2,"65":0,"66":0,"67":0,"68":0,"69":0,"70":2},"f":{"0":0,"1":1,"2":1,"3":2,"4":2,"5":1,"6":0},"b":{"0":[0,0],"1":[1,0],"2":[0,0],"3":[1,1],"4":[1,1],"5":[1,0]},"_coverageSchema":"1a1c01bbd47fc00a2c39e90264f33305004495a9","hash":"02f64405d3bd70b29e2ea93934d093a426ea7865"}
}
