{"/Users/ishit_singh/Desktop/finalEval/backend/database/models/contenttypeentries.js": {"path":"/Users/ishit_singh/Desktop/finalEval/backend/database/models/contenttypeentries.js","statementMap":{"0":{"start":{"line":4,"column":4},"end":{"line":4,"column":24}},"1":{"start":{"line":5,"column":0},"end":{"line":24,"column":2}},"2":{"start":{"line":16,"column":2},"end":{"line":22,"column":5}},"3":{"start":{"line":23,"column":2},"end":{"line":23,"column":28}}},"fnMap":{"0":{"name":"(anonymous_0)","decl":{"start":{"line":5,"column":17},"end":{"line":5,"column":18}},"loc":{"start":{"line":5,"column":43},"end":{"line":24,"column":1}},"line":5},"1":{"name":"(anonymous_1)","decl":{"start":{"line":12,"column":4},"end":{"line":12,"column":5}},"loc":{"start":{"line":12,"column":29},"end":{"line":14,"column":5}},"line":12}},"branchMap":{},"s":{"0":2,"1":2,"2":2,"3":2},"f":{"0":2,"1":2},"b":{},"_coverageSchema":"1a1c01bbd47fc00a2c39e90264f33305004495a9","hash":"9f15df5ea43ccc4d35fe0643a06662ba6508222d"}
,"/Users/ishit_singh/Desktop/finalEval/backend/database/models/contenttypes.js": {"path":"/Users/ishit_singh/Desktop/finalEval/backend/database/models/contenttypes.js","statementMap":{"0":{"start":{"line":4,"column":4},"end":{"line":4,"column":24}},"1":{"start":{"line":5,"column":0},"end":{"line":24,"column":2}},"2":{"start":{"line":16,"column":2},"end":{"line":22,"column":5}},"3":{"start":{"line":23,"column":2},"end":{"line":23,"column":22}}},"fnMap":{"0":{"name":"(anonymous_0)","decl":{"start":{"line":5,"column":17},"end":{"line":5,"column":18}},"loc":{"start":{"line":5,"column":43},"end":{"line":24,"column":1}},"line":5},"1":{"name":"(anonymous_1)","decl":{"start":{"line":12,"column":4},"end":{"line":12,"column":5}},"loc":{"start":{"line":12,"column":29},"end":{"line":14,"column":5}},"line":12}},"branchMap":{},"s":{"0":2,"1":2,"2":2,"3":2},"f":{"0":2,"1":2},"b":{},"_coverageSchema":"1a1c01bbd47fc00a2c39e90264f33305004495a9","hash":"0404c8de56c02aa06212d4f2fbe903d52a72b238"}
,"/Users/ishit_singh/Desktop/finalEval/backend/database/models/index.js": {"path":"/Users/ishit_singh/Desktop/finalEval/backend/database/models/index.js","statementMap":{"0":{"start":{"line":3,"column":11},"end":{"line":3,"column":24}},"1":{"start":{"line":4,"column":13},"end":{"line":4,"column":28}},"2":{"start":{"line":5,"column":18},"end":{"line":5,"column":38}},"3":{"start":{"line":6,"column":16},"end":{"line":6,"column":34}},"4":{"start":{"line":7,"column":17},"end":{"line":7,"column":42}},"5":{"start":{"line":8,"column":12},"end":{"line":8,"column":49}},"6":{"start":{"line":9,"column":15},"end":{"line":9,"column":65}},"7":{"start":{"line":10,"column":11},"end":{"line":10,"column":13}},"8":{"start":{"line":13,"column":0},"end":{"line":17,"column":1}},"9":{"start":{"line":14,"column":2},"end":{"line":14,"column":74}},"10":{"start":{"line":16,"column":2},"end":{"line":16,"column":87}},"11":{"start":{"line":19,"column":0},"end":{"line":32,"column":5}},"12":{"start":{"line":22,"column":4},"end":{"line":27,"column":6}},"13":{"start":{"line":30,"column":18},"end":{"line":30,"column":85}},"14":{"start":{"line":31,"column":4},"end":{"line":31,"column":27}},"15":{"start":{"line":34,"column":0},"end":{"line":38,"column":3}},"16":{"start":{"line":35,"column":2},"end":{"line":37,"column":3}},"17":{"start":{"line":36,"column":4},"end":{"line":36,"column":32}},"18":{"start":{"line":40,"column":0},"end":{"line":40,"column":25}},"19":{"start":{"line":41,"column":0},"end":{"line":41,"column":25}},"20":{"start":{"line":43,"column":0},"end":{"line":43,"column":20}}},"fnMap":{"0":{"name":"(anonymous_0)","decl":{"start":{"line":21,"column":10},"end":{"line":21,"column":11}},"loc":{"start":{"line":21,"column":18},"end":{"line":28,"column":3}},"line":21},"1":{"name":"(anonymous_1)","decl":{"start":{"line":29,"column":11},"end":{"line":29,"column":12}},"loc":{"start":{"line":29,"column":19},"end":{"line":32,"column":3}},"line":29},"2":{"name":"(anonymous_2)","decl":{"start":{"line":34,"column":24},"end":{"line":34,"column":25}},"loc":{"start":{"line":34,"column":37},"end":{"line":38,"column":1}},"line":34}},"branchMap":{"0":{"loc":{"start":{"line":8,"column":12},"end":{"line":8,"column":49}},"type":"binary-expr","locations":[{"start":{"line":8,"column":12},"end":{"line":8,"column":32}},{"start":{"line":8,"column":36},"end":{"line":8,"column":49}}],"line":8},"1":{"loc":{"start":{"line":13,"column":0},"end":{"line":17,"column":1}},"type":"if","locations":[{"start":{"line":13,"column":0},"end":{"line":17,"column":1}},{"start":{"line":15,"column":7},"end":{"line":17,"column":1}}],"line":13},"2":{"loc":{"start":{"line":23,"column":6},"end":{"line":26,"column":37}},"type":"binary-expr","locations":[{"start":{"line":23,"column":6},"end":{"line":23,"column":29}},{"start":{"line":24,"column":6},"end":{"line":24,"column":23}},{"start":{"line":25,"column":6},"end":{"line":25,"column":30}},{"start":{"line":26,"column":6},"end":{"line":26,"column":37}}],"line":23},"3":{"loc":{"start":{"line":35,"column":2},"end":{"line":37,"column":3}},"type":"if","locations":[{"start":{"line":35,"column":2},"end":{"line":37,"column":3}},{"start":{},"end":{}}],"line":35}},"s":{"0":2,"1":2,"2":2,"3":2,"4":2,"5":2,"6":2,"7":2,"8":2,"9":0,"10":2,"11":2,"12":6,"13":4,"14":4,"15":2,"16":4,"17":4,"18":2,"19":2,"20":2},"f":{"0":6,"1":4,"2":4},"b":{"0":[2,0],"1":[0,2],"2":[6,6,4,4],"3":[4,0]},"_coverageSchema":"1a1c01bbd47fc00a2c39e90264f33305004495a9","hash":"289c16555ead7cff7ee07b0e702f50a75ae65feb"}
,"/Users/ishit_singh/Desktop/finalEval/backend/src/controllers/contentTypesController.js": {"path":"/Users/ishit_singh/Desktop/finalEval/backend/src/controllers/contentTypesController.js","statementMap":{"0":{"start":{"line":1,"column":160},"end":{"line":1,"column":203}},"1":{"start":{"line":3,"column":31},"end":{"line":6,"column":1}},"2":{"start":{"line":4,"column":23},"end":{"line":4,"column":53}},"3":{"start":{"line":5,"column":2},"end":{"line":5,"column":25}},"4":{"start":{"line":7,"column":33},"end":{"line":11,"column":1}},"5":{"start":{"line":8,"column":26},"end":{"line":8,"column":50}},"6":{"start":{"line":9,"column":22},"end":{"line":9,"column":69}},"7":{"start":{"line":10,"column":2},"end":{"line":10,"column":24}},"8":{"start":{"line":12,"column":41},"end":{"line":17,"column":1}},"9":{"start":{"line":13,"column":20},"end":{"line":13,"column":38}},"10":{"start":{"line":14,"column":26},"end":{"line":14,"column":50}},"11":{"start":{"line":15,"column":40},"end":{"line":15,"column":106}},"12":{"start":{"line":16,"column":2},"end":{"line":16,"column":42}},"13":{"start":{"line":18,"column":27},"end":{"line":23,"column":1}},"14":{"start":{"line":19,"column":24},"end":{"line":19,"column":46}},"15":{"start":{"line":20,"column":17},"end":{"line":20,"column":32}},"16":{"start":{"line":21,"column":26},"end":{"line":21,"column":73}},"17":{"start":{"line":22,"column":2},"end":{"line":22,"column":28}},"18":{"start":{"line":25,"column":28},"end":{"line":29,"column":1}},"19":{"start":{"line":26,"column":24},"end":{"line":26,"column":48}},"20":{"start":{"line":27,"column":27},"end":{"line":27,"column":67}},"21":{"start":{"line":28,"column":2},"end":{"line":28,"column":29}},"22":{"start":{"line":31,"column":31},"end":{"line":38,"column":1}},"23":{"start":{"line":33,"column":24},"end":{"line":33,"column":48}},"24":{"start":{"line":34,"column":24},"end":{"line":34,"column":48}},"25":{"start":{"line":35,"column":2},"end":{"line":35,"column":44}},"26":{"start":{"line":36,"column":30},"end":{"line":36,"column":88}},"27":{"start":{"line":37,"column":2},"end":{"line":37,"column":32}},"28":{"start":{"line":39,"column":0},"end":{"line":46,"column":2}}},"fnMap":{"0":{"name":"(anonymous_0)","decl":{"start":{"line":3,"column":31},"end":{"line":3,"column":32}},"loc":{"start":{"line":3,"column":51},"end":{"line":6,"column":1}},"line":3},"1":{"name":"(anonymous_1)","decl":{"start":{"line":7,"column":33},"end":{"line":7,"column":34}},"loc":{"start":{"line":7,"column":53},"end":{"line":11,"column":1}},"line":7},"2":{"name":"(anonymous_2)","decl":{"start":{"line":12,"column":41},"end":{"line":12,"column":42}},"loc":{"start":{"line":12,"column":61},"end":{"line":17,"column":1}},"line":12},"3":{"name":"(anonymous_3)","decl":{"start":{"line":18,"column":27},"end":{"line":18,"column":28}},"loc":{"start":{"line":18,"column":47},"end":{"line":23,"column":1}},"line":18},"4":{"name":"(anonymous_4)","decl":{"start":{"line":25,"column":28},"end":{"line":25,"column":29}},"loc":{"start":{"line":25,"column":48},"end":{"line":29,"column":1}},"line":25},"5":{"name":"(anonymous_5)","decl":{"start":{"line":31,"column":31},"end":{"line":31,"column":32}},"loc":{"start":{"line":31,"column":51},"end":{"line":38,"column":1}},"line":31}},"branchMap":{},"s":{"0":1,"1":1,"2":1,"3":1,"4":1,"5":1,"6":1,"7":1,"8":1,"9":1,"10":1,"11":1,"12":1,"13":1,"14":1,"15":1,"16":1,"17":1,"18":1,"19":1,"20":1,"21":1,"22":1,"23":1,"24":1,"25":1,"26":1,"27":1,"28":1},"f":{"0":1,"1":1,"2":1,"3":1,"4":1,"5":1},"b":{},"_coverageSchema":"1a1c01bbd47fc00a2c39e90264f33305004495a9","hash":"c93cac76f8c3adb99b748adfdb1c7c030ce745b2"}
,"/Users/ishit_singh/Desktop/finalEval/backend/src/services/contentTypesServices.js": {"path":"/Users/ishit_singh/Desktop/finalEval/backend/src/services/contentTypesServices.js","statementMap":{"0":{"start":{"line":1,"column":11},"end":{"line":1,"column":43}},"1":{"start":{"line":3,"column":31},"end":{"line":6,"column":1}},"2":{"start":{"line":4,"column":23},"end":{"line":4,"column":54}},"3":{"start":{"line":5,"column":2},"end":{"line":5,"column":22}},"4":{"start":{"line":8,"column":33},"end":{"line":27,"column":1}},"5":{"start":{"line":9,"column":28},"end":{"line":13,"column":4}},"6":{"start":{"line":14,"column":2},"end":{"line":25,"column":3}},"7":{"start":{"line":15,"column":4},"end":{"line":21,"column":5}},"8":{"start":{"line":16,"column":26},"end":{"line":16,"column":97}},"9":{"start":{"line":17,"column":6},"end":{"line":17,"column":25}},"10":{"start":{"line":20,"column":6},"end":{"line":20,"column":53}},"11":{"start":{"line":24,"column":4},"end":{"line":24,"column":23}},"12":{"start":{"line":29,"column":41},"end":{"line":70,"column":1}},"13":{"start":{"line":30,"column":22},"end":{"line":34,"column":4}},"14":{"start":{"line":35,"column":2},"end":{"line":69,"column":3}},"15":{"start":{"line":36,"column":4},"end":{"line":36,"column":46}},"16":{"start":{"line":39,"column":23},"end":{"line":39,"column":45}},"17":{"start":{"line":40,"column":4},"end":{"line":40,"column":35}},"18":{"start":{"line":41,"column":31},"end":{"line":45,"column":6}},"19":{"start":{"line":46,"column":26},"end":{"line":46,"column":51}},"20":{"start":{"line":48,"column":4},"end":{"line":48,"column":50}},"21":{"start":{"line":50,"column":28},"end":{"line":54,"column":6}},"22":{"start":{"line":56,"column":4},"end":{"line":65,"column":5}},"23":{"start":{"line":56,"column":17},"end":{"line":56,"column":18}},"24":{"start":{"line":57,"column":20},"end":{"line":57,"column":38}},"25":{"start":{"line":58,"column":21},"end":{"line":58,"column":56}},"26":{"start":{"line":59,"column":6},"end":{"line":59,"column":35}},"27":{"start":{"line":60,"column":6},"end":{"line":64,"column":9}},"28":{"start":{"line":67,"column":4},"end":{"line":67,"column":54}},"29":{"start":{"line":68,"column":4},"end":{"line":68,"column":30}},"30":{"start":{"line":72,"column":27},"end":{"line":90,"column":1}},"31":{"start":{"line":73,"column":22},"end":{"line":77,"column":4}},"32":{"start":{"line":78,"column":2},"end":{"line":89,"column":3}},"33":{"start":{"line":79,"column":4},"end":{"line":85,"column":5}},"34":{"start":{"line":80,"column":6},"end":{"line":80,"column":48}},"35":{"start":{"line":83,"column":20},"end":{"line":83,"column":120}},"36":{"start":{"line":84,"column":6},"end":{"line":84,"column":19}},"37":{"start":{"line":88,"column":4},"end":{"line":88,"column":23}},"38":{"start":{"line":92,"column":28},"end":{"line":114,"column":1}},"39":{"start":{"line":93,"column":22},"end":{"line":97,"column":4}},"40":{"start":{"line":98,"column":2},"end":{"line":113,"column":3}},"41":{"start":{"line":99,"column":4},"end":{"line":109,"column":5}},"42":{"start":{"line":100,"column":6},"end":{"line":100,"column":48}},"43":{"start":{"line":103,"column":22},"end":{"line":107,"column":8}},"44":{"start":{"line":108,"column":6},"end":{"line":108,"column":21}},"45":{"start":{"line":112,"column":4},"end":{"line":112,"column":23}},"46":{"start":{"line":116,"column":31},"end":{"line":156,"column":1}},"47":{"start":{"line":117,"column":2},"end":{"line":117,"column":44}},"48":{"start":{"line":119,"column":22},"end":{"line":123,"column":4}},"49":{"start":{"line":125,"column":2},"end":{"line":155,"column":3}},"50":{"start":{"line":126,"column":4},"end":{"line":126,"column":46}},"51":{"start":{"line":129,"column":23},"end":{"line":129,"column":45}},"52":{"start":{"line":130,"column":18},"end":{"line":130,"column":51}},"53":{"start":{"line":131,"column":4},"end":{"line":133,"column":5}},"54":{"start":{"line":132,"column":6},"end":{"line":132,"column":34}},"55":{"start":{"line":134,"column":31},"end":{"line":138,"column":6}},"56":{"start":{"line":139,"column":28},"end":{"line":143,"column":6}},"57":{"start":{"line":144,"column":4},"end":{"line":153,"column":5}},"58":{"start":{"line":144,"column":17},"end":{"line":144,"column":18}},"59":{"start":{"line":145,"column":20},"end":{"line":145,"column":38}},"60":{"start":{"line":146,"column":21},"end":{"line":146,"column":56}},"61":{"start":{"line":147,"column":6},"end":{"line":147,"column":35}},"62":{"start":{"line":148,"column":6},"end":{"line":152,"column":9}},"63":{"start":{"line":154,"column":4},"end":{"line":154,"column":30}},"64":{"start":{"line":157,"column":0},"end":{"line":164,"column":2}}},"fnMap":{"0":{"name":"(anonymous_0)","decl":{"start":{"line":3,"column":31},"end":{"line":3,"column":32}},"loc":{"start":{"line":3,"column":43},"end":{"line":6,"column":1}},"line":3},"1":{"name":"(anonymous_1)","decl":{"start":{"line":8,"column":33},"end":{"line":8,"column":34}},"loc":{"start":{"line":8,"column":60},"end":{"line":27,"column":1}},"line":8},"2":{"name":"(anonymous_2)","decl":{"start":{"line":29,"column":41},"end":{"line":29,"column":42}},"loc":{"start":{"line":29,"column":83},"end":{"line":70,"column":1}},"line":29},"3":{"name":"(anonymous_3)","decl":{"start":{"line":72,"column":27},"end":{"line":72,"column":28}},"loc":{"start":{"line":72,"column":60},"end":{"line":90,"column":1}},"line":72},"4":{"name":"(anonymous_4)","decl":{"start":{"line":92,"column":28},"end":{"line":92,"column":29}},"loc":{"start":{"line":92,"column":53},"end":{"line":114,"column":1}},"line":92},"5":{"name":"(anonymous_5)","decl":{"start":{"line":116,"column":31},"end":{"line":116,"column":32}},"loc":{"start":{"line":116,"column":71},"end":{"line":156,"column":1}},"line":116}},"branchMap":{"0":{"loc":{"start":{"line":15,"column":4},"end":{"line":21,"column":5}},"type":"if","locations":[{"start":{"line":15,"column":4},"end":{"line":21,"column":5}},{"start":{"line":19,"column":9},"end":{"line":21,"column":5}}],"line":15},"1":{"loc":{"start":{"line":35,"column":2},"end":{"line":69,"column":3}},"type":"if","locations":[{"start":{"line":35,"column":2},"end":{"line":69,"column":3}},{"start":{"line":38,"column":7},"end":{"line":69,"column":3}}],"line":35},"2":{"loc":{"start":{"line":79,"column":4},"end":{"line":85,"column":5}},"type":"if","locations":[{"start":{"line":79,"column":4},"end":{"line":85,"column":5}},{"start":{"line":82,"column":9},"end":{"line":85,"column":5}}],"line":79},"3":{"loc":{"start":{"line":99,"column":4},"end":{"line":109,"column":5}},"type":"if","locations":[{"start":{"line":99,"column":4},"end":{"line":109,"column":5}},{"start":{"line":102,"column":9},"end":{"line":109,"column":5}}],"line":99},"4":{"loc":{"start":{"line":125,"column":2},"end":{"line":155,"column":3}},"type":"if","locations":[{"start":{"line":125,"column":2},"end":{"line":155,"column":3}},{"start":{"line":128,"column":7},"end":{"line":155,"column":3}}],"line":125},"5":{"loc":{"start":{"line":131,"column":4},"end":{"line":133,"column":5}},"type":"if","locations":[{"start":{"line":131,"column":4},"end":{"line":133,"column":5}},{"start":{},"end":{}}],"line":131}},"s":{"0":2,"1":2,"2":1,"3":1,"4":2,"5":2,"6":2,"7":2,"8":1,"9":1,"10":1,"11":1,"12":2,"13":0,"14":0,"15":0,"16":0,"17":0,"18":0,"19":0,"20":0,"21":0,"22":0,"23":0,"24":0,"25":0,"26":0,"27":0,"28":0,"29":0,"30":2,"31":2,"32":2,"33":2,"34":1,"35":1,"36":1,"37":1,"38":2,"39":1,"40":1,"41":1,"42":1,"43":0,"44":0,"45":1,"46":2,"47":0,"48":0,"49":0,"50":0,"51":0,"52":0,"53":0,"54":0,"55":0,"56":0,"57":0,"58":0,"59":0,"60":0,"61":0,"62":0,"63":0,"64":2},"f":{"0":1,"1":2,"2":0,"3":2,"4":1,"5":0},"b":{"0":[1,1],"1":[0,0],"2":[1,1],"3":[1,0],"4":[0,0],"5":[0,0]},"_coverageSchema":"1a1c01bbd47fc00a2c39e90264f33305004495a9","hash":"c2f289861604920ab6db190caa59c9da7162d492"}
}
